build/app/intermediates/manifest_merge_blame_file/debug/manifest-merger-blame-debug-report.txt
1<?xml version="1.0" encoding="utf-8"?>
2<manifest xmlns:android="http://schemas.android.com/apk/res/android"
3    package="com.wanglitiaoyi.tiktokmin"
4    android:versionCode="1"
5    android:versionName="1.0.0" >
6
7    <uses-sdk
8        android:minSdkVersion="16"
9        android:targetSdkVersion="29" />
10    <!--
11         Flutter needs it to communicate with the running application
12         to allow setting breakpoints, to provide hot reload, etc.
13    -->
14    <uses-permission android:name="android.permission.INTERNET" />
14-->src/main/AndroidManifest.xml:3:5-66
14-->src/main/AndroidManifest.xml:3:22-64
15    <uses-permission android:name="android.permission.ACCESS_NETWORK_STATE" />
15-->[com.google.android.exoplayer:exoplayer-core:2.14.1] AndroidManifest.xml:24:5-79
15-->[com.google.android.exoplayer:exoplayer-core:2.14.1] AndroidManifest.xml:24:22-76
16
17    <application
17-->src/main/AndroidManifest.xml:4:4-34:19
18        android:name="io.flutter.app.FlutterApplication"
18-->src/main/AndroidManifest.xml:6:9-57
19        android:appComponentFactory="androidx.core.app.CoreComponentFactory"
19-->[androidx.core:core:1.1.0] AndroidManifest.xml:24:18-86
20        android:debuggable="true"
21        android:icon="@mipmap/ic_launcher"
21-->src/main/AndroidManifest.xml:7:9-43
22        android:label="tiktok_app" >
22-->src/main/AndroidManifest.xml:5:9-35
23        <activity
23-->src/main/AndroidManifest.xml:8:9-28:20
24            android:name="com.example.tiktok_app.MainActivity"
24-->src/main/AndroidManifest.xml:9:13-41
25            android:configChanges="orientation|keyboardHidden|keyboard|screenSize|smallestScreenSize|locale|layoutDirection|fontScale|screenLayout|density|uiMode"
25-->src/main/AndroidManifest.xml:13:13-163
26            android:exported="true"
26-->src/main/AndroidManifest.xml:10:13-36
27            android:hardwareAccelerated="true"
27-->src/main/AndroidManifest.xml:14:13-47
28            android:launchMode="singleTop"
28-->src/main/AndroidManifest.xml:11:13-43
29            android:theme="@style/LaunchTheme"
29-->src/main/AndroidManifest.xml:12:13-47
30            android:windowSoftInputMode="adjustResize" >
30-->src/main/AndroidManifest.xml:15:13-55
31
32            <!--
33                 Specifies an Android theme to apply to this Activity as soon as
34                 the Android process has started. This theme is visible to the user
35                 while the Flutter UI initializes. After that, this theme continues
36                 to determine the Window background behind the Flutter UI.
37            -->
38            <meta-data
38-->src/main/AndroidManifest.xml:20:13-23:17
39                android:name="io.flutter.embedding.android.NormalTheme"
39-->src/main/AndroidManifest.xml:21:15-70
40                android:resource="@style/NormalTheme" />
40-->src/main/AndroidManifest.xml:22:15-52
41
42            <intent-filter>
42-->src/main/AndroidManifest.xml:24:13-27:29
43                <action android:name="android.intent.action.MAIN" />
43-->src/main/AndroidManifest.xml:25:17-68
43-->src/main/AndroidManifest.xml:25:25-66
44
45                <category android:name="android.intent.category.LAUNCHER" />
45-->src/main/AndroidManifest.xml:26:17-76
45-->src/main/AndroidManifest.xml:26:27-74
46            </intent-filter>
47        </activity>
48        <!--
49             Don't delete the meta-data below.
50             This is used by the Flutter tool to generate GeneratedPluginRegistrant.java
51        -->
52        <meta-data
52-->src/main/AndroidManifest.xml:31:9-33:33
53            android:name="flutterEmbedding"
53-->src/main/AndroidManifest.xml:32:13-44
54            android:value="2" />
54-->src/main/AndroidManifest.xml:33:13-30
55    </application>
56
57</manifest>